<?xml version="1.0" encoding="UTF-8" ?>
<testsuite tests="16" failures="0" name="it.intre.fizzbuzzTDD.AppTest" time="0.031" errors="0" skipped="0">
  <properties>
[...]
</properties>
  <testcase classname="it.intre.fizzbuzzTDD.AppTest" name="outputStringContainsFizzReturnEmptyStringTest" time="0.015"/>
  <testcase classname="it.intre.fizzbuzzTDD.AppTest" name="numberNotMultipleOf3AndNotMultipleOf5ReturnStringOfNumberGivenInInputTest" time="0"/>
  <testcase classname="it.intre.fizzbuzzTDD.AppTest" name="numberMultipleOf5ReturnFinalStringBuzzTest" time="0"/>
  <testcase classname="it.intre.fizzbuzzTDD.AppTest" name="outputStringEmptyReturnStringOfNumberGivenInInputTest" time="0"/>
  <testcase classname="it.intre.fizzbuzzTDD.AppTest" name="stringGivenInInputTest" time="0.016"/>
  <testcase classname="it.intre.fizzbuzzTDD.AppTest" name="numberMultipleOf3ReturnFinalStringFizzTest" time="0"/>
  <testcase classname="it.intre.fizzbuzzTDD.AppTest" name="numberNotMultipleOf3ReturnEmptyStringTest" time="0"/>
  <testcase classname="it.intre.fizzbuzzTDD.AppTest" name="numberNotMultipleOf5ReturnEmptyStringTest" time="0"/>
  <testcase classname="it.intre.fizzbuzzTDD.AppTest" name="numberMultipleOf3And5ReturnFinalStringFizzBuzzTest" time="0"/>
  <testcase classname="it.intre.fizzbuzzTDD.AppTest" name="positiveNumberGivenInInputTest" time="0"/>
  <testcase classname="it.intre.fizzbuzzTDD.AppTest" name="outputStringContainsBuzzReturnEmptyStringTest" time="0"/>
  <testcase classname="it.intre.fizzbuzzTDD.AppTest" name="numberMultipleOf5ReturnStringBuzzTest" time="0"/>
  <testcase classname="it.intre.fizzbuzzTDD.AppTest" name="outputStringContainsFizzBuzzReturnEmptyStringTest" time="0"/>
  <testcase classname="it.intre.fizzbuzzTDD.AppTest" name="numberMultipleOf3ReturnStringFizzTest" time="0"/>
  <testcase classname="it.intre.fizzbuzzTDD.AppTest" name="number0GivenInInputTest" time="0"/>
  <testcase classname="it.intre.fizzbuzzTDD.AppTest" name="negativeNumberGivenInInputTest" time="0"/>
</testsuite>